<?xml version="1.0" encoding="UTF-8"?>
<!-- Generated by org.testng.reporters.JUnitReportReporter -->
<testsuite skipped="0" hostname="Avins-MBP.fios-router.home" name="cross.browser.test.CrossBrowser" tests="2" failures="0" timestamp="13 Jun 2018 02:28:07 GMT" time="18.044" errors="0">
  <testcase name="TestPopUp" time="5.942" classname="cross.browser.test.CrossBrowser"/>
  <testcase name="TestPopUp" time="12.102" classname="cross.browser.test.CrossBrowser"/>
</testsuite> <!-- cross.browser.test.CrossBrowser -->
